[2025-04-03T10:45:26.675Z] GET /api/courses/AI - IP: ::1
[2025-04-03T10:45:36.026Z] GET /api/courses/IA - IP: ::1
&&[2025-04-03T10:53:09.851Z] GET /about - IP: ::1
[2025-04-03T10:53:10.040Z] GET /css/styles.css - IP: ::1
[2025-04-03T10:53:10.050Z] GET /images/logo.png - IP: ::1
[2025-04-03T10:53:10.290Z] GET /js/main.js - IP: ::1
[2025-04-11T23:04:56.579Z] GET / - IP: ::1
[2025-04-11T23:04:58.300Z] GET /css/styles.css - IP: ::1
[2025-04-11T23:04:58.379Z] GET /images/logo.png - IP: ::1
[2025-04-11T23:04:58.980Z] GET /api/messages - IP: ::1
[2025-04-11T23:04:59.101Z] GET /favicon.ico - IP: ::1
[2025-04-21T17:03:00.005Z] GET / - IP: ::1
[2025-04-21T17:03:00.362Z] GET /css/styles.css - IP: ::1
[2025-04-21T17:03:00.368Z] GET /images/logo.png - IP: ::1
[2025-04-21T17:03:00.499Z] GET /api/messages - IP: ::1
[2025-04-21T17:03:00.776Z] GET /favicon.ico - IP: ::1
[2025-04-21T17:03:03.590Z] GET /about - IP: ::1
[2025-04-21T17:03:03.653Z] GET /css/styles.css - IP: ::1
[2025-04-21T17:03:03.675Z] GET /images/logo.png - IP: ::1
[2025-04-21T17:03:03.697Z] GET /js/main.js - IP: ::1
[2025-04-21T17:03:03.809Z] GET /favicon.ico - IP: ::1
[2025-04-21T17:03:04.861Z] GET /courses - IP: ::1
[2025-04-21T17:03:04.915Z] GET /css/styles.css - IP: ::1
[2025-04-21T17:03:04.940Z] GET /images/logo.png - IP: ::1
[2025-04-21T17:03:05.050Z] GET /favicon.ico - IP: ::1
[2025-04-21T17:03:09.922Z] GET /api/courses/AI - IP: ::1
[2025-04-21T17:03:19.702Z] GET /api/courses/IA - IP: ::1
